<?xml version="1.0" encoding="UTF-8"?>
<testng-results skipped="0" failed="0" total="1" passed="1">
  <reporter-output>
  </reporter-output>
  <suite name="Surefire suite" duration-ms="582" started-at="2020-10-03T12:31:33Z" finished-at="2020-10-03T12:31:34Z">
    <groups>
    </groups>
    <test name="Surefire test" duration-ms="582" started-at="2020-10-03T12:31:33Z" finished-at="2020-10-03T12:31:34Z">
      <class name="mmmmmm.AppTest">
        <test-method status="PASS" signature="testApp()" name="testApp" duration-ms="61" started-at="2020-10-03T18:01:34Z" finished-at="2020-10-03T18:01:34Z">
          <reporter-output>
          </reporter-output>
        </test-method> <!-- testApp -->
      </class> <!-- mmmmmm.AppTest -->
    </test> <!-- Surefire test -->
  </suite> <!-- Surefire suite -->
</testng-results>
