<?xml version="1.0" encoding="UTF-8"?>
<testng-results skipped="0" failed="0" total="2" passed="2">
  <reporter-output>
  </reporter-output>
  <suite name="Surefire suite" duration-ms="77" started-at="2020-10-03T12:31:33Z" finished-at="2020-10-03T12:31:33Z">
    <groups>
    </groups>
    <test name="Surefire test" duration-ms="77" started-at="2020-10-03T12:31:33Z" finished-at="2020-10-03T12:31:33Z">
      <class name="mmmmmm.zeroTest">
        <test-method status="PASS" signature="loginPage()[pri:0, instance:mmmmmm.zeroTest@79b4d0f]" name="loginPage" duration-ms="4" started-at="2020-10-03T18:01:33Z" finished-at="2020-10-03T18:01:33Z">
          <reporter-output>
          </reporter-output>
        </test-method> <!-- loginPage -->
        <test-method status="PASS" signature="tc1()[pri:0, instance:mmmmmm.zeroTest@79b4d0f]" name="tc1" duration-ms="2" started-at="2020-10-03T18:01:33Z" finished-at="2020-10-03T18:01:33Z">
          <reporter-output>
          </reporter-output>
        </test-method> <!-- tc1 -->
      </class> <!-- mmmmmm.zeroTest -->
    </test> <!-- Surefire test -->
  </suite> <!-- Surefire suite -->
</testng-results>
