<?xml version="1.0" encoding="UTF-8"?>
<testsuite xmlns:xsi="http://www.w3.org/2001/XMLSchema-instance" xsi:noNamespaceSchemaLocation="https://maven.apache.org/surefire/maven-surefire-plugin/xsd/surefire-test-report-3.0.xsd" version="3.0" name="TestSuite" time="2.194" tests="3" errors="0" skipped="0" failures="0">
  <properties>
[...]
</properties>
  <testcase name="loginPage" classname="mmmmmm.zeroTest" time="0.011">
    <system-out><![CDATA[go to hell
]]></system-out>
  </testcase>
  <testcase name="tc1" classname="mmmmmm.zeroTest" time="0.007">
    <system-out><![CDATA[hiii this subhash
]]></system-out>
  </testcase>
  <testcase name="testApp on testApp(mmmmmm.AppTest)" classname="mmmmmm.AppTest" time="0.002"/>
</testsuite>